This is pdfTeX, Version 3.14159265-2.6-1.40.16 (TeX Live 2015/Debian) (preloaded format=pdflatex 2016.9.4)  5 NOV 2016 22:11
entering extended mode
 restricted \write18 enabled.
 %&-line parsing enabled.
**report.tex
(./report.tex
LaTeX2e <2016/02/01>
Babel <3.9q> and hyphenation patterns for 5 language(s) loaded.
(/usr/share/texlive/texmf-dist/tex/latex/base/report.cls
Document Class: report 2014/09/29 v1.4h Standard LaTeX document class
(/usr/share/texlive/texmf-dist/tex/latex/base/size11.clo
File: size11.clo 2014/09/29 v1.4h Standard LaTeX file (size option)
)
\c@part=\count79
\c@chapter=\count80
\c@section=\count81
\c@subsection=\count82
\c@subsubsection=\count83
\c@paragraph=\count84
\c@subparagraph=\count85
\c@figure=\count86
\c@table=\count87
\abovecaptionskip=\skip41
\belowcaptionskip=\skip42
\bibindent=\dimen102
)
(/usr/share/texlive/texmf-dist/tex/latex/outline/outline.sty
Package: outline 2002/08/23 Simple Outline Package
\c@@outlndepth=\count88
\@outlndepth=\count89
\c@outlni=\count90
\c@outlnii=\count91
\c@outlniii=\count92
\c@outlniv=\count93
\c@outlnv=\count94
\c@outlnvi=\count95
)
(/usr/share/texlive/texmf-dist/tex/latex/pmgraph/pmgraph.sty
\@dimenA=\dimen103
\@dimenB=\dimen104
\@dimenC=\dimen105
\@dimenD=\dimen106
)
(/usr/share/texlive/texmf-dist/tex/latex/graphics/graphicx.sty
Package: graphicx 2014/10/28 v1.0g Enhanced LaTeX Graphics (DPC,SPQR)

(/usr/share/texlive/texmf-dist/tex/latex/graphics/keyval.sty
Package: keyval 2014/10/28 v1.15 key=value parser (DPC)
\KV@toks@=\toks14
)
(/usr/share/texlive/texmf-dist/tex/latex/graphics/graphics.sty
Package: graphics 2016/01/03 v1.0q Standard LaTeX Graphics (DPC,SPQR)

(/usr/share/texlive/texmf-dist/tex/latex/graphics/trig.sty
Package: trig 2016/01/03 v1.10 sin cos tan (DPC)
)
(/usr/share/texlive/texmf-dist/tex/latex/latexconfig/graphics.cfg
File: graphics.cfg 2010/04/23 v1.9 graphics configuration of TeX Live
)
Package graphics Info: Driver file: pdftex.def on input line 95.

(/usr/share/texlive/texmf-dist/tex/latex/pdftex-def/pdftex.def
File: pdftex.def 2011/05/27 v0.06d Graphics/color for pdfTeX

(/usr/share/texlive/texmf-dist/tex/generic/oberdiek/infwarerr.sty
Package: infwarerr 2010/04/08 v1.3 Providing info/warning/error messages (HO)
)
(/usr/share/texlive/texmf-dist/tex/generic/oberdiek/ltxcmds.sty
Package: ltxcmds 2011/11/09 v1.22 LaTeX kernel commands for general use (HO)
)
\Gread@gobject=\count96
))
\Gin@req@height=\dimen107
\Gin@req@width=\dimen108
)
(/usr/share/texlive/texmf-dist/tex/generic/ulem/ulem.sty
\UL@box=\box26
\UL@hyphenbox=\box27
\UL@skip=\skip43
\UL@hook=\toks15
\UL@height=\dimen109
\UL@pe=\count97
\UL@pixel=\dimen110
\ULC@box=\box28
Package: ulem 2012/05/18
\ULdepth=\dimen111
) (./report.aux)
\openout1 = `report.aux'.

LaTeX Font Info:    Checking defaults for OML/cmm/m/it on input line 18.
LaTeX Font Info:    ... okay on input line 18.
LaTeX Font Info:    Checking defaults for T1/cmr/m/n on input line 18.
LaTeX Font Info:    ... okay on input line 18.
LaTeX Font Info:    Checking defaults for OT1/cmr/m/n on input line 18.
LaTeX Font Info:    ... okay on input line 18.
LaTeX Font Info:    Checking defaults for OMS/cmsy/m/n on input line 18.
LaTeX Font Info:    ... okay on input line 18.
LaTeX Font Info:    Checking defaults for OMX/cmex/m/n on input line 18.
LaTeX Font Info:    ... okay on input line 18.
LaTeX Font Info:    Checking defaults for U/cmr/m/n on input line 18.
LaTeX Font Info:    ... okay on input line 18.

(/usr/share/texlive/texmf-dist/tex/context/base/supp-pdf.mkii
[Loading MPS to PDF converter (version 2006.09.02).]
\scratchcounter=\count98
\scratchdimen=\dimen112
\scratchbox=\box29
\nofMPsegments=\count99
\nofMParguments=\count100
\everyMPshowfont=\toks16
\MPscratchCnt=\count101
\MPscratchDim=\dimen113
\MPnumerator=\count102
\makeMPintoPDFobject=\count103
\everyMPtoPDFconversion=\toks17
) (/usr/share/texlive/texmf-dist/tex/generic/oberdiek/pdftexcmds.sty
Package: pdftexcmds 2011/11/29 v0.20 Utility functions of pdfTeX for LuaTeX (HO
)

(/usr/share/texlive/texmf-dist/tex/generic/oberdiek/ifluatex.sty
Package: ifluatex 2010/03/01 v1.3 Provides the ifluatex switch (HO)
Package ifluatex Info: LuaTeX not detected.
)
(/usr/share/texlive/texmf-dist/tex/generic/oberdiek/ifpdf.sty
Package: ifpdf 2011/01/30 v2.3 Provides the ifpdf switch (HO)
Package ifpdf Info: pdfTeX in PDF mode is detected.
)
Package pdftexcmds Info: LuaTeX not detected.
Package pdftexcmds Info: \pdf@primitive is available.
Package pdftexcmds Info: \pdf@ifprimitive is available.
Package pdftexcmds Info: \pdfdraftmode found.
)
(/usr/share/texlive/texmf-dist/tex/latex/oberdiek/epstopdf-base.sty
Package: epstopdf-base 2010/02/09 v2.5 Base part for package epstopdf

(/usr/share/texlive/texmf-dist/tex/latex/oberdiek/grfext.sty
Package: grfext 2010/08/19 v1.1 Manage graphics extensions (HO)

(/usr/share/texlive/texmf-dist/tex/generic/oberdiek/kvdefinekeys.sty
Package: kvdefinekeys 2011/04/07 v1.3 Define keys (HO)
))
(/usr/share/texlive/texmf-dist/tex/latex/oberdiek/kvoptions.sty
Package: kvoptions 2011/06/30 v3.11 Key value format for package options (HO)

(/usr/share/texlive/texmf-dist/tex/generic/oberdiek/kvsetkeys.sty
Package: kvsetkeys 2012/04/25 v1.16 Key value parser (HO)

(/usr/share/texlive/texmf-dist/tex/generic/oberdiek/etexcmds.sty
Package: etexcmds 2011/02/16 v1.5 Avoid name clashes with e-TeX commands (HO)
Package etexcmds Info: Could not find \expanded.
(etexcmds)             That can mean that you are not using pdfTeX 1.50 or
(etexcmds)             that some package has redefined \expanded.
(etexcmds)             In the latter case, load this package earlier.
)))
Package grfext Info: Graphics extension search list:
(grfext)             [.png,.pdf,.jpg,.mps,.jpeg,.jbig2,.jb2,.PNG,.PDF,.JPG,.JPE
G,.JBIG2,.JB2,.eps]
(grfext)             \AppendGraphicsExtensions on input line 452.

(/usr/share/texlive/texmf-dist/tex/latex/latexconfig/epstopdf-sys.cfg
File: epstopdf-sys.cfg 2010/07/13 v1.3 Configuration of (r)epstopdf for TeX Liv
e
))
LaTeX Font Info:    External font `cmex10' loaded for size
(Font)              <12> on input line 19.
LaTeX Font Info:    External font `cmex10' loaded for size
(Font)              <8> on input line 19.
LaTeX Font Info:    External font `cmex10' loaded for size
(Font)              <6> on input line 19.
LaTeX Font Info:    Try loading font information for OML+cmr on input line 19.

(/usr/share/texlive/texmf-dist/tex/latex/base/omlcmr.fd
File: omlcmr.fd 2014/09/29 v2.5h Standard LaTeX font definitions
)
LaTeX Font Info:    Font shape `OML/cmr/m/it' in size <12> not available
(Font)              Font shape `OML/cmm/m/it' tried instead on input line 19.
 [1

{/var/lib/texmf/fonts/map/pdftex/updmap/pdftex.map}]
Underfull \hbox (badness 10000) in paragraph at lines 22--23

 []

[1] <images/Home.png, id=14, 651.43375pt x 340.27126pt>
File: images/Home.png Graphic file (type png)
 <use images/Home.png>
Package pdftex.def Info: images/Home.png used on input line 38.
(pdftex.def)             Requested size: 651.43214pt x 340.27042pt.

Overfull \hbox (181.67715pt too wide) in paragraph at lines 38--39
[] 
 []

[1 <./images/Home.png>]
Overfull \hbox (6.05954pt too wide) in paragraph at lines 53--54
\OT1/cmr/m/n/10.95 have an-swers in the form of rat-ings from 1:5) and some sub
-jec-tive ques-tions(Subjective
 []

[2] <images/admin_home.png, id=21, 501.875pt x 260.975pt>
File: images/admin_home.png Graphic file (type png)

<use images/admin_home.png>
Package pdftex.def Info: images/admin_home.png used on input line 59.
(pdftex.def)             Requested size: 501.87376pt x 260.97437pt.

<images/add_course.png, id=22, 501.875pt x 260.975pt>
File: images/add_course.png Graphic file (type png)

<use images/add_course.png>
Package pdftex.def Info: images/add_course.png used on input line 60.
(pdftex.def)             Requested size: 501.87376pt x 260.97437pt.

Overfull \hbox (83.58386pt too wide) in paragraph at lines 59--61
[][] 
 []


Underfull \hbox (badness 10000) in paragraph at lines 59--61

 []


Underfull \hbox (badness 10000) in paragraph at lines 59--61

 []


Underfull \hbox (badness 10000) in paragraph at lines 59--61

 []


Underfull \hbox (badness 10000) in paragraph at lines 59--61

 []


Overfull \hbox (83.58386pt too wide) in paragraph at lines 59--61
[] 
 []

[3 <./images/admin_home.png> <./images/add_course.png>]
<images/add_student.png, id=26, 501.875pt x 260.975pt>
File: images/add_student.png Graphic file (type png)

<use images/add_student.png>
Package pdftex.def Info: images/add_student.png used on input line 63.
(pdftex.def)             Requested size: 501.87376pt x 260.97437pt.

<images/add_deadline.png, id=27, 501.875pt x 260.975pt>
File: images/add_deadline.png Graphic file (type png)

<use images/add_deadline.png>
Package pdftex.def Info: images/add_deadline.png used on input line 64.
(pdftex.def)             Requested size: 501.87376pt x 260.97437pt.

Overfull \hbox (83.58386pt too wide) in paragraph at lines 63--65
[][] 
 []


Underfull \hbox (badness 10000) in paragraph at lines 63--65

 []


Underfull \hbox (badness 10000) in paragraph at lines 63--65

 []


Underfull \hbox (badness 10000) in paragraph at lines 63--65

 []


Underfull \hbox (badness 10000) in paragraph at lines 63--65

 []


Overfull \hbox (83.58386pt too wide) in paragraph at lines 63--65
[] 
 []

[4 <./images/add_student.png> <./images/add_deadline.png>]
<images/add_feedback.png, id=31, 501.875pt x 260.975pt>
File: images/add_feedback.png Graphic file (type png)

<use images/add_feedback.png>
Package pdftex.def Info: images/add_feedback.png used on input line 67.
(pdftex.def)             Requested size: 501.87376pt x 260.97437pt.

<images/congrats.png, id=32, 501.875pt x 260.975pt>
File: images/congrats.png Graphic file (type png)
 <use images/congrats.png>
Package pdftex.def Info: images/congrats.png used on input line 68.
(pdftex.def)             Requested size: 501.87376pt x 260.97437pt.

Overfull \hbox (83.58386pt too wide) in paragraph at lines 67--69
[][] 
 []


Underfull \hbox (badness 10000) in paragraph at lines 67--69

 []


Underfull \hbox (badness 10000) in paragraph at lines 67--69

 []


Underfull \hbox (badness 10000) in paragraph at lines 67--69

 []


Underfull \hbox (badness 10000) in paragraph at lines 67--69

 []


Overfull \hbox (83.58386pt too wide) in paragraph at lines 67--69
[] 
 []

[5 <./images/add_feedback.png> <./images/congrats.png>]
Overfull \hbox (56.4601pt too wide) in paragraph at lines 74--75
\OT1/cmr/m/n/10.95 been com-pleted, with the ca-pa-bil-ity of edit-ing the as-s
ign-ment fields(Deadlines,specifications.etc).
 []


Overfull \hbox (6.05954pt too wide) in paragraph at lines 77--78
\OT1/cmr/m/n/10.95 have an-swers in the form of rat-ings from 1:5) and some sub
-jec-tive ques-tions(Subjective
 []

[6] <images/instruct_home.png, id=40, 501.875pt x 260.975pt>
File: images/instruct_home.png Graphic file (type png)

<use images/instruct_home.png>
Package pdftex.def Info: images/instruct_home.png used on input line 86.
(pdftex.def)             Requested size: 501.87376pt x 260.97437pt.

<images/o_feedback.png, id=41, 501.875pt x 260.975pt>
File: images/o_feedback.png Graphic file (type png)

<use images/o_feedback.png>
Package pdftex.def Info: images/o_feedback.png used on input line 87.
(pdftex.def)             Requested size: 501.87376pt x 260.97437pt.

Overfull \hbox (83.58386pt too wide) in paragraph at lines 86--88
[][] 
 []


Underfull \hbox (badness 10000) in paragraph at lines 86--88

 []


Underfull \hbox (badness 10000) in paragraph at lines 86--88

 []


Underfull \hbox (badness 10000) in paragraph at lines 86--88

 []


Underfull \hbox (badness 10000) in paragraph at lines 86--88

 []


Overfull \hbox (83.58386pt too wide) in paragraph at lines 86--88
[] 
 []

[7 <./images/instruct_home.png> <./images/o_feedback.png>]
<images/deadlines.png, id=45, 501.875pt x 260.975pt>
File: images/deadlines.png Graphic file (type png)

<use images/deadlines.png>
Package pdftex.def Info: images/deadlines.png used on input line 90.
(pdftex.def)             Requested size: 501.87376pt x 260.97437pt.
 <images/deadline.png, id=46, 501.875pt x 260.975pt>
File: images/deadline.png Graphic file (type png)

<use images/deadline.png>
Package pdftex.def Info: images/deadline.png used on input line 91.
(pdftex.def)             Requested size: 501.87376pt x 260.97437pt.

Overfull \hbox (83.58386pt too wide) in paragraph at lines 90--92
[][] 
 []


Underfull \hbox (badness 10000) in paragraph at lines 90--92

 []


Underfull \hbox (badness 10000) in paragraph at lines 90--92

 []


Underfull \hbox (badness 10000) in paragraph at lines 90--92

 []


Underfull \hbox (badness 10000) in paragraph at lines 90--92

 []


Overfull \hbox (83.58386pt too wide) in paragraph at lines 90--92
[] 
 []

[8 <./images/deadlines.png> <./images/deadline.png>]
<images/feedback.png, id=50, 501.875pt x 260.975pt>
File: images/feedback.png Graphic file (type png)
 <use images/feedback.png>
Package pdftex.def Info: images/feedback.png used on input line 94.
(pdftex.def)             Requested size: 501.87376pt x 260.97437pt.

<images/graph.png, id=51, 501.875pt x 260.975pt>
File: images/graph.png Graphic file (type png)
 <use images/graph.png>
Package pdftex.def Info: images/graph.png used on input line 95.
(pdftex.def)             Requested size: 501.87376pt x 260.97437pt.

Overfull \hbox (83.58386pt too wide) in paragraph at lines 94--96
[][] 
 []


Underfull \hbox (badness 10000) in paragraph at lines 94--96

 []


Underfull \hbox (badness 10000) in paragraph at lines 94--96

 []


Underfull \hbox (badness 10000) in paragraph at lines 94--96

 []


Underfull \hbox (badness 10000) in paragraph at lines 94--96

 []


Overfull \hbox (83.58386pt too wide) in paragraph at lines 94--96
[] 
 []

[9 <./images/feedback.png> <./images/graph.png>]
<images/s_feedback.png, id=55, 501.875pt x 260.975pt>
File: images/s_feedback.png Graphic file (type png)

<use images/s_feedback.png>
Package pdftex.def Info: images/s_feedback.png used on input line 98.
(pdftex.def)             Requested size: 501.87376pt x 260.97437pt.

Overfull \hbox (83.58386pt too wide) in paragraph at lines 98--99
[][] 
 []


Underfull \hbox (badness 10000) in paragraph at lines 98--99

 []


Underfull \hbox (badness 10000) in paragraph at lines 98--99

 []


Underfull \hbox (badness 10000) in paragraph at lines 98--99

 []


Underfull \hbox (badness 10000) in paragraph at lines 98--99

 []


Underfull \hbox (badness 10000) in paragraph at lines 98--99

 []

[10 <./images/s_feedback.png>]
Underfull \hbox (badness 10000) in paragraph at lines 113--115

 []

LaTeX Font Info:    Try loading font information for OMS+cmr on input line 123.

(/usr/share/texlive/texmf-dist/tex/latex/base/omscmr.fd
File: omscmr.fd 2014/09/29 v2.5h Standard LaTeX font definitions
)
LaTeX Font Info:    Font shape `OMS/cmr/m/n' in size <10.95> not available
(Font)              Font shape `OMS/cmsy/m/n' tried instead on input line 123.
Missing character: There is no ‚ in font cmr10!
Missing character: There is no Ä in font cmr10!
Missing character: There is no ô in font cmr10!
Missing character: There is no ‚ in font cmr10!
Missing character: There is no Ä in font cmr10!
Missing character: There is no ú in font cmr10!
Missing character: There is no ‚ in font cmr10!
Missing character: There is no Ä in font cmr10!
Missing character: There is no ù in font cmr10!
Missing character: There is no ‚ in font cmr10!
Missing character: There is no Ä in font cmr10!
Missing character: There is no ô in font cmr10!
Missing character: There is no ‚ in font cmr10!
Missing character: There is no Ä in font cmr10!
Missing character: There is no ú in font cmr10!
Missing character: There is no ‚ in font cmr10!
Missing character: There is no Ä in font cmr10!
Missing character: There is no ù in font cmr10!
Missing character: There is no ‚ in font cmr10!
Missing character: There is no Ä in font cmr10!
Missing character: There is no ú in font cmr10!
Missing character: There is no ‚ in font cmr10!
Missing character: There is no Ä in font cmr10!
Missing character: There is no ù in font cmr10!
 [11]
Missing character: There is no ‚ in font cmr10!
Missing character: There is no Ä in font cmr10!
Missing character: There is no ú in font cmr10!
Missing character: There is no ‚ in font cmr10!
Missing character: There is no Ä in font cmr10!
Missing character: There is no ù in font cmr10!

Underfull \hbox (badness 10000) in paragraph at lines 145--149

 []

[12] (./report.aux) ) 
Here is how much of TeX's memory you used:
 2044 strings out of 494910
 28217 string characters out of 6179837
 91766 words of memory out of 5000000
 5313 multiletter control sequences out of 15000+600000
 7953 words of font info for 29 fonts, out of 8000000 for 9000
 36 hyphenation exceptions out of 8191
 38i,6n,23p,514b,252s stack positions out of 5000i,500n,10000p,200000b,80000s
</usr/share/texlive/texmf-dist/fonts/type1/public/amsfonts
/cm/cmbx10.pfb></usr/share/texlive/texmf-dist/fonts/type1/public/amsfonts/cm/cm
bx12.pfb></usr/share/texlive/texmf-dist/fonts/type1/public/amsfonts/cm/cmmi12.p
fb></usr/share/texlive/texmf-dist/fonts/type1/public/amsfonts/cm/cmr10.pfb></us
r/share/texlive/texmf-dist/fonts/type1/public/amsfonts/cm/cmr12.pfb></usr/share
/texlive/texmf-dist/fonts/type1/public/amsfonts/cm/cmsy10.pfb>
Output written on report.pdf (14 pages, 454480 bytes).
PDF statistics:
 88 PDF objects out of 1000 (max. 8388607)
 51 compressed objects within 1 object stream
 0 named destinations out of 1000 (max. 500000)
 71 words of extra memory for PDF output out of 10000 (max. 10000000)

